# JRE version: OpenJDK Runtime Environment Temurin-21.0.6+7 (21.0.6+7) (build 21.0.6+7-LTS)
# Java VM: OpenJDK 64-Bit Server VM Temurin-21.0.6+7 (21.0.6+7-LTS, mixed mode, sharing, tiered, compressed oops, compressed class ptrs, parallel gc, windows-amd64)
GC Precious Log:
 CardTable entry size: 512
 CPUs: 4 total, 4 available
 Memory: 8072M
 Large Page Support: Disabled
 NUMA Support: Disabled
 Compressed Oops: Enabled (32-bit)
 Alignments: Space 512K, Generation 512K, Heap 2M
 Heap Min Capacity: 100M
 Heap Initial Capacity: 100M
 Heap Max Capacity: 1G
 Pre-touch: Disabled
 Parallel Workers: 4
Heap:
 PSYoungGen      total 18944K, used 12307K [0x00000000eab00000, 0x00000000ec180000, 0x0000000100000000)
  eden space 14848K, 58% used [0x00000000eab00000,0x00000000eb37ce78,0x00000000eb980000)
  from space 4096K, 88% used [0x00000000eba80000,0x00000000ebe08060,0x00000000ebe80000)
  to   space 3072K, 0% used [0x00000000ebe80000,0x00000000ebe80000,0x00000000ec180000)
 ParOldGen       total 112640K, used 49550K [0x00000000c0000000, 0x00000000c6e00000, 0x00000000eab00000)
  object space 112640K, 43% used [0x00000000c0000000,0x00000000c3063ac8,0x00000000c6e00000)
 Metaspace       used 47122K, committed 48128K, reserved 1114112K
  class space    used 4151K, committed 4544K, reserved 1048576K
GC Heap History (20 events):
Event: 337.181 GC heap before
{Heap before GC invocations=57 (full 2):
 PSYoungGen      total 18944K, used 18912K [0x00000000eab00000, 0x00000000ece00000, 0x0000000100000000)
  eden space 15872K, 100% used [0x00000000eab00000,0x00000000eba80000,0x00000000eba80000)
  from space 3072K, 98% used [0x00000000ec300000,0x00000000ec5f8040,0x00000000ec600000)
  to   space 8704K, 0% used [0x00000000eba80000,0x00000000eba80000,0x00000000ec300000)
 ParOldGen       total 99328K, used 99281K [0x00000000c0000000, 0x00000000c6100000, 0x00000000eab00000)
  object space 99328K, 99% used [0x00000000c0000000,0x00000000c60f4578,0x00000000c6100000)
 Metaspace       used 46865K, committed 47872K, reserved 1114112K
  class space    used 4147K, committed 4544K, reserved 1048576K
}
Event: 337.191 GC heap after
{Heap after GC invocations=57 (full 2):
 PSYoungGen      total 18944K, used 2583K [0x00000000eab00000, 0x00000000ec380000, 0x0000000100000000)
  eden space 15872K, 0% used [0x00000000eab00000,0x00000000eab00000,0x00000000eba80000)
  from space 3072K, 84% used [0x00000000eba80000,0x00000000ebd05dd0,0x00000000ebd80000)
  to   space 4608K, 0% used [0x00000000ebf00000,0x00000000ebf00000,0x00000000ec380000)
 ParOldGen       total 102400K, used 102214K [0x00000000c0000000, 0x00000000c6400000, 0x00000000eab00000)
  object space 102400K, 99% used [0x00000000c0000000,0x00000000c63d1bc8,0x00000000c6400000)
 Metaspace       used 46865K, committed 47872K, reserved 1114112K
  class space    used 4147K, committed 4544K, reserved 1048576K
}
Event: 338.870 GC heap before
{Heap before GC invocations=58 (full 2):
 PSYoungGen      total 18944K, used 18455K [0x00000000eab00000, 0x00000000ec380000, 0x0000000100000000)
  eden space 15872K, 100% used [0x00000000eab00000,0x00000000eba80000,0x00000000eba80000)
  from space 3072K, 84% used [0x00000000eba80000,0x00000000ebd05dd0,0x00000000ebd80000)
  to   space 4608K, 0% used [0x00000000ebf00000,0x00000000ebf00000,0x00000000ec380000)
 ParOldGen       total 102400K, used 102214K [0x00000000c0000000, 0x00000000c6400000, 0x00000000eab00000)
  object space 102400K, 99% used [0x00000000c0000000,0x00000000c63d1bc8,0x00000000c6400000)
 Metaspace       used 46890K, committed 47872K, reserved 1114112K
  class space    used 4149K, committed 4544K, reserved 1048576K
}
Event: 338.881 GC heap after
{Heap after GC invocations=58 (full 2):
 PSYoungGen      total 18432K, used 2480K [0x00000000eab00000, 0x00000000ec180000, 0x0000000100000000)
  eden space 15872K, 0% used [0x00000000eab00000,0x00000000eab00000,0x00000000eba80000)
  from space 2560K, 96% used [0x00000000ebf00000,0x00000000ec16c380,0x00000000ec180000)
  to   space 3072K, 0% used [0x00000000ebb80000,0x00000000ebb80000,0x00000000ebe80000)
 ParOldGen       total 104960K, used 104835K [0x00000000c0000000, 0x00000000c6680000, 0x00000000eab00000)
  object space 104960K, 99% used [0x00000000c0000000,0x00000000c6660e58,0x00000000c6680000)
 Metaspace       used 46890K, committed 47872K, reserved 1114112K
  class space    used 4149K, committed 4544K, reserved 1048576K
}
Event: 341.379 GC heap before
{Heap before GC invocations=59 (full 2):
 PSYoungGen      total 18432K, used 18352K [0x00000000eab00000, 0x00000000ec180000, 0x0000000100000000)
  eden space 15872K, 100% used [0x00000000eab00000,0x00000000eba80000,0x00000000eba80000)
  from space 2560K, 96% used [0x00000000ebf00000,0x00000000ec16c380,0x00000000ec180000)
  to   space 3072K, 0% used [0x00000000ebb80000,0x00000000ebb80000,0x00000000ebe80000)
 ParOldGen       total 104960K, used 104835K [0x00000000c0000000, 0x00000000c6680000, 0x00000000eab00000)
  object space 104960K, 99% used [0x00000000c0000000,0x00000000c6660e58,0x00000000c6680000)
 Metaspace       used 46907K, committed 47936K, reserved 1114112K
  class space    used 4149K, committed 4544K, reserved 1048576K
}
Event: 341.384 GC heap after
{Heap after GC invocations=59 (full 2):
 PSYoungGen      total 17408K, used 1453K [0x00000000eab00000, 0x00000000ebf80000, 0x0000000100000000)
  eden space 15872K, 0% used [0x00000000eab00000,0x00000000eab00000,0x00000000eba80000)
  from space 1536K, 94% used [0x00000000ebb80000,0x00000000ebceb510,0x00000000ebd00000)
  to   space 2048K, 0% used [0x00000000ebd80000,0x00000000ebd80000,0x00000000ebf80000)
 ParOldGen       total 105472K, used 105074K [0x00000000c0000000, 0x00000000c6700000, 0x00000000eab00000)
  object space 105472K, 99% used [0x00000000c0000000,0x00000000c669c998,0x00000000c6700000)
 Metaspace       used 46907K, committed 47936K, reserved 1114112K
  class space    used 4149K, committed 4544K, reserved 1048576K
}
Event: 342.622 GC heap before
{Heap before GC invocations=60 (full 2):
 PSYoungGen      total 17408K, used 17325K [0x00000000eab00000, 0x00000000ebf80000, 0x0000000100000000)
  eden space 15872K, 100% used [0x00000000eab00000,0x00000000eba80000,0x00000000eba80000)
  from space 1536K, 94% used [0x00000000ebb80000,0x00000000ebceb510,0x00000000ebd00000)
  to   space 2048K, 0% used [0x00000000ebd80000,0x00000000ebd80000,0x00000000ebf80000)
 ParOldGen       total 105472K, used 105074K [0x00000000c0000000, 0x00000000c6700000, 0x00000000eab00000)
  object space 105472K, 99% used [0x00000000c0000000,0x00000000c669c998,0x00000000c6700000)
 Metaspace       used 46973K, committed 48000K, reserved 1114112K
  class space    used 4149K, committed 4544K, reserved 1048576K
}
Event: 342.628 GC heap after
{Heap after GC invocations=60 (full 2):
 PSYoungGen      total 16896K, used 2037K [0x00000000eab00000, 0x00000000ec280000, 0x0000000100000000)
  eden space 14848K, 0% used [0x00000000eab00000,0x00000000eab00000,0x00000000eb980000)
  from space 2048K, 99% used [0x00000000ebd80000,0x00000000ebf7d7f0,0x00000000ebf80000)
  to   space 4096K, 0% used [0x00000000eb980000,0x00000000eb980000,0x00000000ebd80000)
 ParOldGen       total 107008K, used 106524K [0x00000000c0000000, 0x00000000c6880000, 0x00000000eab00000)
  object space 107008K, 99% used [0x00000000c0000000,0x00000000c68073e0,0x00000000c6880000)
 Metaspace       used 46973K, committed 48000K, reserved 1114112K
  class space    used 4149K, committed 4544K, reserved 1048576K
}
Event: 344.936 GC heap before
{Heap before GC invocations=61 (full 2):
 PSYoungGen      total 16896K, used 16885K [0x00000000eab00000, 0x00000000ec280000, 0x0000000100000000)
  eden space 14848K, 100% used [0x00000000eab00000,0x00000000eb980000,0x00000000eb980000)
  from space 2048K, 99% used [0x00000000ebd80000,0x00000000ebf7d7f0,0x00000000ebf80000)
  to   space 4096K, 0% used [0x00000000eb980000,0x00000000eb980000,0x00000000ebd80000)
 ParOldGen       total 107008K, used 106524K [0x00000000c0000000, 0x00000000c6880000, 0x00000000eab00000)
  object space 107008K, 99% used [0x00000000c0000000,0x00000000c68073e0,0x00000000c6880000)
 Metaspace       used 46992K, committed 48000K, reserved 1114112K
  class space    used 4150K, committed 4544K, reserved 1048576K
}
Event: 344.945 GC heap after
{Heap after GC invocations=61 (full 2):
 PSYoungGen      total 18432K, used 3399K [0x00000000eab00000, 0x00000000ec080000, 0x0000000100000000)
  eden space 14848K, 0% used [0x00000000eab00000,0x00000000eab00000,0x00000000eb980000)
  from space 3584K, 94% used [0x00000000eb980000,0x00000000ebcd1d48,0x00000000ebd00000)
  to   space 3584K, 0% used [0x00000000ebd00000,0x00000000ebd00000,0x00000000ec080000)
 ParOldGen       total 108544K, used 108358K [0x00000000c0000000, 0x00000000c6a00000, 0x00000000eab00000)
  object space 108544K, 99% used [0x00000000c0000000,0x00000000c69d1ba0,0x00000000c6a00000)
 Metaspace       used 46992K, committed 48000K, reserved 1114112K
  class space    used 4150K, committed 4544K, reserved 1048576K
}
Event: 348.406 GC heap before
{Heap before GC invocations=62 (full 2):
 PSYoungGen      total 18432K, used 18247K [0x00000000eab00000, 0x00000000ec080000, 0x0000000100000000)
  eden space 14848K, 100% used [0x00000000eab00000,0x00000000eb980000,0x00000000eb980000)
  from space 3584K, 94% used [0x00000000eb980000,0x00000000ebcd1d48,0x00000000ebd00000)
  to   space 3584K, 0% used [0x00000000ebd00000,0x00000000ebd00000,0x00000000ec080000)
 ParOldGen       total 108544K, used 108358K [0x00000000c0000000, 0x00000000c6a00000, 0x00000000eab00000)
  object space 108544K, 99% used [0x00000000c0000000,0x00000000c69d1ba0,0x00000000c6a00000)
 Metaspace       used 47032K, committed 48000K, reserved 1114112K
  class space    used 4150K, committed 4544K, reserved 1048576K
}
Event: 348.414 GC heap after
{Heap after GC invocations=62 (full 2):
 PSYoungGen      total 16896K, used 1978K [0x00000000eab00000, 0x00000000ebf00000, 0x0000000100000000)
  eden space 14848K, 0% used [0x00000000eab00000,0x00000000eab00000,0x00000000eb980000)
  from space 2048K, 96% used [0x00000000ebd00000,0x00000000ebeeebf8,0x00000000ebf00000)
  to   space 2560K, 0% used [0x00000000eba00000,0x00000000eba00000,0x00000000ebc80000)
 ParOldGen       total 110080K, used 109605K [0x00000000c0000000, 0x00000000c6b80000, 0x00000000eab00000)
  object space 110080K, 99% used [0x00000000c0000000,0x00000000c6b09768,0x00000000c6b80000)
 Metaspace       used 47032K, committed 48000K, reserved 1114112K
  class space    used 4150K, committed 4544K, reserved 1048576K
}
Event: 349.470 GC heap before
{Heap before GC invocations=63 (full 2):
 PSYoungGen      total 16896K, used 14238K [0x00000000eab00000, 0x00000000ebf00000, 0x0000000100000000)
  eden space 14848K, 82% used [0x00000000eab00000,0x00000000eb6f8c48,0x00000000eb980000)
  from space 2048K, 96% used [0x00000000ebd00000,0x00000000ebeeebf8,0x00000000ebf00000)
  to   space 2560K, 0% used [0x00000000eba00000,0x00000000eba00000,0x00000000ebc80000)
 ParOldGen       total 110080K, used 109605K [0x00000000c0000000, 0x00000000c6b80000, 0x00000000eab00000)
  object space 110080K, 99% used [0x00000000c0000000,0x00000000c6b09768,0x00000000c6b80000)
 Metaspace       used 47039K, committed 48000K, reserved 1114112K
  class space    used 4150K, committed 4544K, reserved 1048576K
}
Event: 349.480 GC heap after
{Heap after GC invocations=63 (full 2):
 PSYoungGen      total 17408K, used 2547K [0x00000000eab00000, 0x00000000ec680000, 0x0000000100000000)
  eden space 14848K, 0% used [0x00000000eab00000,0x00000000eab00000,0x00000000eb980000)
  from space 2560K, 99% used [0x00000000eba00000,0x00000000ebc7cc88,0x00000000ebc80000)
  to   space 6656K, 0% used [0x00000000ec000000,0x00000000ec000000,0x00000000ec680000)
 ParOldGen       total 112640K, used 112619K [0x00000000c0000000, 0x00000000c6e00000, 0x00000000eab00000)
  object space 112640K, 99% used [0x00000000c0000000,0x00000000c6dfae38,0x00000000c6e00000)
 Metaspace       used 47039K, committed 48000K, reserved 1114112K
  class space    used 4150K, committed 4544K, reserved 1048576K
}
Event: 349.480 GC heap before
{Heap before GC invocations=64 (full 3):
 PSYoungGen      total 17408K, used 2547K [0x00000000eab00000, 0x00000000ec680000, 0x0000000100000000)
  eden space 14848K, 0% used [0x00000000eab00000,0x00000000eab00000,0x00000000eb980000)
  from space 2560K, 99% used [0x00000000eba00000,0x00000000ebc7cc88,0x00000000ebc80000)
  to   space 6656K, 0% used [0x00000000ec000000,0x00000000ec000000,0x00000000ec680000)
 ParOldGen       total 112640K, used 112619K [0x00000000c0000000, 0x00000000c6e00000, 0x00000000eab00000)
  object space 112640K, 99% used [0x00000000c0000000,0x00000000c6dfae38,0x00000000c6e00000)
 Metaspace       used 47039K, committed 48000K, reserved 1114112K
  class space    used 4150K, committed 4544K, reserved 1048576K
}
Event: 350.238 GC heap after
{Heap after GC invocations=64 (full 3):
 PSYoungGen      total 17408K, used 0K [0x00000000eab00000, 0x00000000ec680000, 0x0000000100000000)
  eden space 14848K, 0% used [0x00000000eab00000,0x00000000eab00000,0x00000000eb980000)
  from space 2560K, 0% used [0x00000000eba00000,0x00000000eba00000,0x00000000ebc80000)
  to   space 6656K, 0% used [0x00000000ec000000,0x00000000ec000000,0x00000000ec680000)
 ParOldGen       total 112640K, used 46118K [0x00000000c0000000, 0x00000000c6e00000, 0x00000000eab00000)
  object space 112640K, 40% used [0x00000000c0000000,0x00000000c2d09bd8,0x00000000c6e00000)
 Metaspace       used 47039K, committed 48000K, reserved 1114112K
  class space    used 4150K, committed 4544K, reserved 1048576K
}
Event: 352.790 GC heap before
{Heap before GC invocations=65 (full 3):
 PSYoungGen      total 17408K, used 14848K [0x00000000eab00000, 0x00000000ec680000, 0x0000000100000000)
  eden space 14848K, 100% used [0x00000000eab00000,0x00000000eb980000,0x00000000eb980000)
  from space 2560K, 0% used [0x00000000eba00000,0x00000000eba00000,0x00000000ebc80000)
  to   space 6656K, 0% used [0x00000000ec000000,0x00000000ec000000,0x00000000ec680000)
 ParOldGen       total 112640K, used 46118K [0x00000000c0000000, 0x00000000c6e00000, 0x00000000eab00000)
  object space 112640K, 40% used [0x00000000c0000000,0x00000000c2d09bd8,0x00000000c6e00000)
 Metaspace       used 47076K, committed 48064K, reserved 1114112K
  class space    used 4151K, committed 4544K, reserved 1048576K
}
Event: 352.802 GC heap after
{Heap after GC invocations=65 (full 3):
 PSYoungGen      total 18432K, used 3511K [0x00000000eab00000, 0x00000000ec380000, 0x0000000100000000)
  eden space 14848K, 0% used [0x00000000eab00000,0x00000000eab00000,0x00000000eb980000)
  from space 3584K, 97% used [0x00000000ec000000,0x00000000ec36de10,0x00000000ec380000)
  to   space 4608K, 0% used [0x00000000eba80000,0x00000000eba80000,0x00000000ebf00000)
 ParOldGen       total 112640K, used 46118K [0x00000000c0000000, 0x00000000c6e00000, 0x00000000eab00000)
  object space 112640K, 40% used [0x00000000c0000000,0x00000000c2d09bd8,0x00000000c6e00000)
 Metaspace       used 47076K, committed 48064K, reserved 1114112K
  class space    used 4151K, committed 4544K, reserved 1048576K
}
Event: 354.521 GC heap before
{Heap before GC invocations=66 (full 3):
 PSYoungGen      total 18432K, used 18359K [0x00000000eab00000, 0x00000000ec380000, 0x0000000100000000)
  eden space 14848K, 100% used [0x00000000eab00000,0x00000000eb980000,0x00000000eb980000)
  from space 3584K, 97% used [0x00000000ec000000,0x00000000ec36de10,0x00000000ec380000)
  to   space 4608K, 0% used [0x00000000eba80000,0x00000000eba80000,0x00000000ebf00000)
 ParOldGen       total 112640K, used 46118K [0x00000000c0000000, 0x00000000c6e00000, 0x00000000eab00000)
  object space 112640K, 40% used [0x00000000c0000000,0x00000000c2d09bd8,0x00000000c6e00000)
 Metaspace       used 47094K, committed 48064K, reserved 1114112K
  class space    used 4151K, committed 4544K, reserved 1048576K
}
Event: 354.535 GC heap after
{Heap after GC invocations=66 (full 3):
 PSYoungGen      total 18944K, used 3616K [0x00000000eab00000, 0x00000000ec180000, 0x0000000100000000)
  eden space 14848K, 0% used [0x00000000eab00000,0x00000000eab00000,0x00000000eb980000)
  from space 4096K, 88% used [0x00000000eba80000,0x00000000ebe08060,0x00000000ebe80000)
  to   space 3072K, 0% used [0x00000000ebe80000,0x00000000ebe80000,0x00000000ec180000)
 ParOldGen       total 112640K, used 49550K [0x00000000c0000000, 0x00000000c6e00000, 0x00000000eab00000)
  object space 112640K, 43% used [0x00000000c0000000,0x00000000c3063ac8,0x00000000c6e00000)
 Metaspace       used 47094K, committed 48064K, reserved 1114112K
  class space    used 4151K, committed 4544K, reserved 1048576K
}

